#
# There is insufficient memory for the Java Runtime Environment to continue.
# Native memory allocation (mmap) failed to map 264241152 bytes for Failed to commit area from 0x0000000705000000 to 0x0000000714c00000 of length 264241152.
# Possible reasons:
#   The system is out of physical RAM or swap space
#   The process is running with CompressedOops enabled, and the Java Heap may be blocking the growth of the native heap
# Possible solutions:
#   Reduce memory load on the system
#   Increase physical memory or swap space
#   Check if swap backing store is full
#   Decrease Java heap size (-Xmx/-Xms)
#   Decrease number of Java threads
#   Decrease Java thread stack sizes (-Xss)
#   Set larger code cache with -XX:ReservedCodeCacheSize=
# This output file may be truncated or incomplete.
#
#  Out of Memory Error (./open/src/hotspot/os/windows/os_windows.cpp:3292), pid=10064, tid=29708
#
# JRE version:  (11.0.18+9) (build )
# Java VM: Java HotSpot(TM) 64-Bit Server VM (11.0.18+9-LTS-195, mixed mode, sharing, tiered, compressed oops, g1 gc, windows-amd64)
# No core dump will be written. Minidumps are not enabled by default on client versions of Windows
#

---------------  S U M M A R Y ------------

Command Line: -Dfile.encoding=UTF-8 com.project.cow.admin.AdminMenu

Host: 11th Gen Intel(R) Core(TM) i7-11370H @ 3.30GHz, 8 cores, 15G,  Windows 11 , 64 bit Build 22000 (10.0.22000.2124)
Time: Wed Aug 16 21:42:47 2023  Windows 11 , 64 bit Build 22000 (10.0.22000.2124) elapsed time: 0.019021 seconds (0d 0h 0m 0s)

---------------  T H R E A D  ---------------

Current thread (0x000001f18236e000):  JavaThread "Unknown thread" [_thread_in_vm, id=29708, stack(0x000000b5b4700000,0x000000b5b4800000)]

Stack: [0x000000b5b4700000,0x000000b5b4800000]
Native frames: (J=compiled Java code, j=interpreted, Vv=VM code, C=native code)
V  [jvm.dll+0x65d8aa]
V  [jvm.dll+0x79fc1f]
V  [jvm.dll+0x7a12e9]
V  [jvm.dll+0x7a1983]
V  [jvm.dll+0x2585b5]
V  [jvm.dll+0x65ac09]
V  [jvm.dll+0x64f8e5]
V  [jvm.dll+0x311d4d]
V  [jvm.dll+0x311bb2]
V  [jvm.dll+0x3167e6]
V  [jvm.dll+0x35e8d0]
V  [jvm.dll+0x35e342]
V  [jvm.dll+0x2ed488]
V  [jvm.dll+0x2ee595]
V  [jvm.dll+0x779257]
V  [jvm.dll+0x77ab3f]
V  [jvm.dll+0x36bb59]
V  [jvm.dll+0x75dd4f]
V  [jvm.dll+0x3dd5b7]
V  [jvm.dll+0x3df661]
C  [jli.dll+0x52e7]
C  [ucrtbase.dll+0x26c0c]
C  [KERNEL32.DLL+0x155a0]
C  [ntdll.dll+0x485b]


---------------  P R O C E S S  ---------------

Threads class SMR info:
_java_thread_list=0x000001f180160590, length=0, elements={
}

Java Threads: ( => current thread )

Other Threads:
  0x000001f182380800 GCTaskThread "GC Thread#0" [stack: 0x000000b5b4800000,0x000000b5b4900000] [id=29920]
  0x000001f1823dd800 ConcurrentGCThread "G1 Main Marker" [stack: 0x000000b5b4900000,0x000000b5b4a00000] [id=29976]
  0x000001f1823de800 ConcurrentGCThread "G1 Conc#0" [stack: 0x000000b5b4a00000,0x000000b5b4b00000] [id=29420]

[error occurred during error reporting (printing all threads), id 0xc0000005, EXCEPTION_ACCESS_VIOLATION (0xc0000005) at pc=0x00007ffa47a7ded7]

VM state:not at safepoint (not fully initialized)

VM Mutex/Monitor currently owned by a thread:  ([mutex/lock_event])
[0x000001f18236aea0] Heap_lock - owner thread: 0x000001f18236e000

Heap address: 0x0000000705000000, size: 4016 MB, Compressed Oops mode: Non-zero based: 0x0000000705000000
Narrow klass base: 0x0000000000000000, Narrow klass shift: 0

GC Heap History (0 events):
No events

Deoptimization events (0 events):
No events

Classes redefined (0 events):
No events

Internal exceptions (0 events):
No events

Events (0 events):
No events


Dynamic libraries:
0x00007ff66c280000 - 0x00007ff66c290000 	C:\Program Files\Java\jdk-11\bin\javaw.exe
0x00007ffaa98a0000 - 0x00007ffaa9aa9000 	C:\Windows\SYSTEM32\ntdll.dll
0x00007ffaa8810000 - 0x00007ffaa88ce000 	C:\Windows\System32\KERNEL32.DLL
0x00007ffaa6d30000 - 0x00007ffaa70b4000 	C:\Windows\System32\KERNELBASE.dll
0x00007ffaa73f0000 - 0x00007ffaa7501000 	C:\Windows\System32\ucrtbase.dll
0x00007ffa493e0000 - 0x00007ffa493fb000 	C:\Program Files\Java\jdk-11\bin\VCRUNTIME140.dll
0x00007ffa48800000 - 0x00007ffa48818000 	C:\Program Files\Java\jdk-11\bin\jli.dll
0x00007ffaa81a0000 - 0x00007ffaa824f000 	C:\Windows\System32\ADVAPI32.dll
0x00007ffaa8760000 - 0x00007ffaa8803000 	C:\Windows\System32\msvcrt.dll
0x00007ffaa78d0000 - 0x00007ffaa796e000 	C:\Windows\System32\sechost.dll
0x00007ffaa93c0000 - 0x00007ffaa94e1000 	C:\Windows\System32\RPCRT4.dll
0x00007ffaa96b0000 - 0x00007ffaa985d000 	C:\Windows\System32\USER32.dll
0x00007ffaa7300000 - 0x00007ffaa7326000 	C:\Windows\System32\win32u.dll
0x00007ffa88fd0000 - 0x00007ffa89275000 	C:\Windows\WinSxS\amd64_microsoft.windows.common-controls_6595b64144ccf1df_6.0.22000.120_none_9d947278b86cc467\COMCTL32.dll
0x00007ffaa78a0000 - 0x00007ffaa78ca000 	C:\Windows\System32\GDI32.dll
0x00007ffaa7160000 - 0x00007ffaa727f000 	C:\Windows\System32\gdi32full.dll
0x00007ffaa70c0000 - 0x00007ffaa715d000 	C:\Windows\System32\msvcp_win.dll
0x00007ffa9d750000 - 0x00007ffa9d75a000 	C:\Windows\SYSTEM32\VERSION.dll
0x00007ffaa77f0000 - 0x00007ffaa7821000 	C:\Windows\System32\IMM32.DLL
0x00007ffa7a9e0000 - 0x00007ffa7a9ec000 	C:\Program Files\Java\jdk-11\bin\vcruntime140_1.dll
0x00007ffa48770000 - 0x00007ffa487fe000 	C:\Program Files\Java\jdk-11\bin\msvcp140.dll
0x00007ffa47780000 - 0x00007ffa482e8000 	C:\Program Files\Java\jdk-11\bin\server\jvm.dll
0x00007ffaa8bd0000 - 0x00007ffaa8bd8000 	C:\Windows\System32\PSAPI.DLL
0x00007ffa9e710000 - 0x00007ffa9e743000 	C:\Windows\SYSTEM32\WINMM.dll
0x00007ffa824f0000 - 0x00007ffa824f9000 	C:\Windows\SYSTEM32\WSOCK32.dll
0x00007ffaa88d0000 - 0x00007ffaa893f000 	C:\Windows\System32\WS2_32.dll
0x00007ffaa5e90000 - 0x00007ffaa5ea8000 	C:\Windows\SYSTEM32\kernel.appcore.dll
0x00007ffa79e40000 - 0x00007ffa79e50000 	C:\Program Files\Java\jdk-11\bin\verify.dll
0x00007ffaa47f0000 - 0x00007ffaa4a11000 	C:\Windows\SYSTEM32\DBGHELP.DLL
0x00007ffa99500000 - 0x00007ffa99531000 	C:\Windows\SYSTEM32\dbgcore.DLL
0x00007ffaa7280000 - 0x00007ffaa72ff000 	C:\Windows\System32\bcryptPrimitives.dll
0x00007ffa48740000 - 0x00007ffa48768000 	C:\Program Files\Java\jdk-11\bin\java.dll
0x00007ffa78eb0000 - 0x00007ffa78eba000 	C:\Program Files\Java\jdk-11\bin\jimage.dll
0x00007ffa48650000 - 0x00007ffa48667000 	C:\Program Files\Java\jdk-11\bin\zip.dll

dbghelp: loaded successfully - version: 4.0.5 - missing functions: none
symbol engine: initialized successfully - sym options: 0x614 - pdb path: .;C:\Program Files\Java\jdk-11\bin;C:\Windows\SYSTEM32;C:\Windows\WinSxS\amd64_microsoft.windows.common-controls_6595b64144ccf1df_6.0.22000.120_none_9d947278b86cc467;C:\Program Files\Java\jdk-11\bin\server

VM Arguments:
jvm_args: -Dfile.encoding=UTF-8 
java_command: com.project.cow.admin.AdminMenu
java_class_path (initial): C:\Class\code\java\Daitso\bin
Launcher Type: SUN_STANDARD

[Global flags]
     intx CICompilerCount                          = 4                                         {product} {ergonomic}
     uint ConcGCThreads                            = 2                                         {product} {ergonomic}
     uint G1ConcRefinementThreads                  = 8                                         {product} {ergonomic}
   size_t G1HeapRegionSize                         = 1048576                                   {product} {ergonomic}
    uintx GCDrainStackTargetSize                   = 64                                        {product} {ergonomic}
   size_t InitialHeapSize                          = 264241152                                 {product} {ergonomic}
   size_t MarkStackSize                            = 4194304                                   {product} {ergonomic}
   size_t MaxHeapSize                              = 4211081216                                {product} {ergonomic}
   size_t MinHeapDeltaBytes                        = 1048576                                   {product} {ergonomic}
    uintx NonNMethodCodeHeapSize                   = 5836300                                {pd product} {ergonomic}
    uintx NonProfiledCodeHeapSize                  = 122910970                              {pd product} {ergonomic}
    uintx ProfiledCodeHeapSize                     = 122910970                              {pd product} {ergonomic}
    uintx ReservedCodeCacheSize                    = 251658240                              {pd product} {ergonomic}
     bool SegmentedCodeCache                       = true                                      {product} {ergonomic}
     bool UseCompressedClassPointers               = true                                 {lp64_product} {ergonomic}
     bool UseCompressedOops                        = true                                 {lp64_product} {ergonomic}
     bool UseG1GC                                  = true                                      {product} {ergonomic}
     bool UseLargePagesIndividualAllocation        = false                                  {pd product} {ergonomic}

Logging:
Log output configuration:
 #0: stdout all=warning uptime,level,tags
 #1: stderr all=off uptime,level,tags

Environment Variables:
JAVA_HOME=C:\Program Files\Java\jdk-11
PATH=C:\Program Files\Common Files\Oracle\Java\javapath;C:\Program Files\Amazon Corretto\jdk11.0.19_7\bin;C:\Windows\system32;C:\Windows;C:\Windows\System32\Wbem;C:\Windows\System32\WindowsPowerShell\v1.0\;C:\Windows\System32\OpenSSH\;C:\Program Files (x86)\NVIDIA Corporation\PhysX\Common;C:\Program Files\Microsoft SQL Server\150\Tools\Binn\;C:\Program Files\Microsoft SQL Server\Client SDK\ODBC\170\Tools\Binn\;C:\Program Files\Java\jdk-11\bin;C:\Program Files\Bandizip\;C:\Program Files\Git\cmd;C:\Users\zhzkd\AppData\Local\Microsoft\WindowsApps;C:\Users\zhzkd\AppData\Local\Programs\Microsoft VS Code\bin;C:\Program Files\mingw64\bin;
USERNAME=ÀÌ½Â¿ø
OS=Windows_NT
PROCESSOR_IDENTIFIER=Intel64 Family 6 Model 140 Stepping 1, GenuineIntel



---------------  S Y S T E M  ---------------

OS: Windows 11 , 64 bit Build 22000 (10.0.22000.2124)

CPU:total 8 (initial active 8) (4 cores per cpu, 2 threads per core) family 6 model 140 stepping 1 microcode 0x86, cmov, cx8, fxsr, mmx, sse, sse2, sse3, ssse3, sse4.1, sse4.2, popcnt, avx, avx2, aes, clmul, erms, 3dnowpref, lzcnt, ht, tsc, tscinvbit, bmi1, bmi2, adx, evex, sha, fma

Memory: 4k page, system-wide physical 16062M (4863M free)
TotalPageFile size 65197M (AvailPageFile size 72M)
current process WorkingSet (physical memory assigned to process): 10M, peak: 10M
current process commit charge ("private bytes"): 60M, peak: 312M

vm_info: Java HotSpot(TM) 64-Bit Server VM (11.0.18+9-LTS-195) for windows-amd64 JRE (11.0.18+9-LTS-195), built on Dec  6 2022 15:50:58 by "mach5one" with MS VC++ 17.1 (VS2022)

END.
